<?xml version="1.0" encoding="utf-8"?><testsuites name="pytest tests"><testsuite name="pytest" errors="0" failures="0" skipped="0" tests="37" time="24.957" timestamp="2026-08-20T13:43:22.205564+00:00" hostname="agent-env-78107176-0848-4298-b3ab-a826a7871679"><testcase classname="tests.backend_test.TestAuth" name="test_request_link" time="0.237" /><testcase classname="tests.backend_test.TestAuth" name="test_magic_link_single_use" time="0.254" /><testcase classname="tests.backend_test.TestAuth" name="test_no_auth_returns_401" time="0.070" /><testcase classname="tests.backend_test.TestAuth" name="test_invalid_bearer_returns_401" time="0.067" /><testcase classname="tests.backend_test.TestOverview" name="test_counts_and_baseline" time="0.270" /><testcase classname="tests.backend_test.TestPeople" name="test_list_people" time="1.208" /><testcase classname="tests.backend_test.TestPeople" name="test_sarah_detail" time="0.095" /><testcase classname="tests.backend_test.TestPeople" name="test_unknown_person_404" time="0.086" /><testcase classname="tests.backend_test.TestSimulation" name="test_sarah_90_day" time="0.093" /><testcase classname="tests.backend_test.TestSimulation" name="test_duration_progression[7-55]" time="0.095" /><testcase classname="tests.backend_test.TestSimulation" name="test_duration_progression[30-48]" time="0.095" /><testcase classname="tests.backend_test.TestSimulation" name="test_duration_progression[3650-32]" time="0.098" /><testcase classname="tests.backend_test.TestSimulation" name="test_determinism" time="0.194" /><testcase classname="tests.backend_test.TestSimulation" name="test_unknown_person_simulate_404" time="0.087" /><testcase classname="tests.backend_test.TestSimulation" name="test_multi_person_scenario" time="0.103" /><testcase classname="tests.backend_test.TestSimulation" name="test_multi_person_over_limit_400" time="0.069" /><testcase classname="tests.backend_test.TestSimulation" name="test_multi_person_empty_400" time="0.068" /><testcase classname="tests.backend_test.TestSimulation" name="test_multi_person_unknown_id_404" time="0.092" /><testcase classname="tests.backend_test.TestShare" name="test_share_flow_and_idempotent" time="0.477" /><testcase classname="tests.backend_test.TestShare" name="test_share_unknown_run_404" time="0.080" /><testcase classname="tests.backend_test.TestShare" name="test_public_bad_token_404" time="0.206" /><testcase classname="tests.backend_test.TestAI" name="test_briefing_stream" time="7.342" /><testcase classname="tests.backend_test.TestAI" name="test_ask_stream_and_history" time="6.261" /><testcase classname="tests.backend_test.TestAI" name="test_ask_question_too_short_422" time="0.099" /><testcase classname="tests.backend_test.TestKnowledge" name="test_interview_returns_4_indonesian_questions" time="1.337" /><testcase classname="tests.backend_test.TestKnowledge" name="test_capture_updates_scores" time="0.128" /><testcase classname="tests.backend_test.TestKnowledge" name="test_capture_empty_answers_400" time="0.099" /><testcase classname="tests.backend_test.TestKnowledge" name="test_capture_unknown_knowledge_404" time="2.305" /><testcase classname="tests.backend_test.TestActions" name="test_list_actions" time="0.095" /><testcase classname="tests.backend_test.TestActions" name="test_complete_all_sarah_to_82_then_reopen" time="0.804" /><testcase classname="tests.backend_test.TestActions" name="test_unknown_action_404" time="0.073" /><testcase classname="tests.backend_test.TestSearchInsights" name="test_search_acme" time="0.097" /><testcase classname="tests.backend_test.TestSearchInsights" name="test_insights_sarah" time="0.087" /><testcase classname="tests.backend_test.TestImport" name="test_import_valid_csv" time="0.244" /><testcase classname="tests.backend_test.TestImport" name="test_import_bad_extension" time="0.221" /><testcase classname="tests.backend_test.TestImport" name="test_import_missing_columns" time="0.199" /><testcase classname="tests.backend_test.TestZCleanup" name="test_reset_knowledge_and_imports" time="1.309" /></testsuite></testsuites>