<?xml version="1.0" encoding="utf-8"?><testsuites name="pytest tests"><testsuite name="pytest" errors="0" failures="0" skipped="0" tests="23" time="6.328" timestamp="2026-08-20T12:55:20.140793+00:00" hostname="agent-env-78107176-0848-4298-b3ab-a826a7871679"><testcase classname="tests.backend_test.TestAuth" name="test_request_link" time="0.390" /><testcase classname="tests.backend_test.TestAuth" name="test_magic_link_single_use" time="0.321" /><testcase classname="tests.backend_test.TestSimulation" name="test_sarah_90_day" time="0.641" /><testcase classname="tests.backend_test.TestSimulation" name="test_duration_progression[7-55]" time="0.124" /><testcase classname="tests.backend_test.TestAuth" name="test_no_auth_returns_401" time="0.079" /><testcase classname="tests.backend_test.TestSimulation" name="test_duration_progression[30-48]" time="0.129" /><testcase classname="tests.backend_test.TestAuth" name="test_invalid_bearer_returns_401" time="0.075" /><testcase classname="tests.backend_test.TestSimulation" name="test_duration_progression[3650-32]" time="0.148" /><testcase classname="tests.backend_test.TestSimulation" name="test_determinism" time="0.263" /><testcase classname="tests.backend_test.TestPeople" name="test_list_people" time="0.327" /><testcase classname="tests.backend_test.TestPeople" name="test_sarah_detail" time="0.129" /><testcase classname="tests.backend_test.TestSimulation" name="test_other_person" time="0.162" /><testcase classname="tests.backend_test.TestPeople" name="test_unknown_person_404" time="0.159" /><testcase classname="tests.backend_test.TestSimulation" name="test_unknown_person_simulate_404" time="0.128" /><testcase classname="tests.backend_test.TestActions" name="test_list_actions" time="0.116" /><testcase classname="tests.backend_test.TestImport" name="test_import_valid_csv" time="0.476" /><testcase classname="tests.backend_test.TestActions" name="test_complete_all_sarah_to_82_then_reopen" time="1.096" /><testcase classname="tests.backend_test.TestImport" name="test_import_bad_extension" time="0.294" /><testcase classname="tests.backend_test.TestImport" name="test_import_missing_columns" time="0.397" /><testcase classname="tests.backend_test.TestActions" name="test_unknown_action_404" time="0.083" /><testcase classname="tests.backend_test.TestOverview" name="test_counts_and_baseline" time="0.170" /><testcase classname="tests.backend_test.TestSearchInsights" name="test_search_acme" time="0.166" /><testcase classname="tests.backend_test.TestSearchInsights" name="test_insights_sarah" time="0.135" /></testsuite></testsuites>